0 info it worked if it ends with ok
1 verbose cli [ '/usr/local/bin/node',
1 verbose cli   '/usr/local/bin/npm',
1 verbose cli   'install',
1 verbose cli   'ionic' ]
2 info using npm@3.10.8
3 info using node@v6.3.1
4 silly loadCurrentTree Starting
5 silly install loadCurrentTree
6 silly install readLocalPackageData
7 silly fetchPackageMetaData ionic
8 silly fetchNamedPackageData ionic
9 silly mapToRegistry name ionic
10 silly mapToRegistry using default registry
11 silly mapToRegistry registry https://registry.npmjs.org/
12 silly mapToRegistry data Result {
12 silly mapToRegistry   raw: 'ionic',
12 silly mapToRegistry   scope: null,
12 silly mapToRegistry   escapedName: 'ionic',
12 silly mapToRegistry   name: 'ionic',
12 silly mapToRegistry   rawSpec: '',
12 silly mapToRegistry   spec: 'latest',
12 silly mapToRegistry   type: 'tag' }
13 silly mapToRegistry uri https://registry.npmjs.org/ionic
14 verbose request uri https://registry.npmjs.org/ionic
15 verbose request no auth needed
16 info attempt registry request try #1 at 22:19:07
17 verbose request id 85d847a420e8bc46
18 http request GET https://registry.npmjs.org/ionic
19 http 200 https://registry.npmjs.org/ionic
20 verbose headers { server: 'CouchDB/1.5.0 (Erlang OTP/R16B03)',
20 verbose headers   etag: '"24V8I0X8N5CL9KONUD8WSPZGO"',
20 verbose headers   'content-type': 'application/json',
20 verbose headers   'content-encoding': 'gzip',
20 verbose headers   'cache-control': 'max-age=300',
20 verbose headers   'content-length': '67109',
20 verbose headers   'accept-ranges': 'bytes',
20 verbose headers   date: 'Tue, 11 Oct 2016 14:18:05 GMT',
20 verbose headers   via: '1.1 varnish',
20 verbose headers   age: '133',
20 verbose headers   connection: 'keep-alive',
20 verbose headers   'x-served-by': 'cache-lcy1126-LCY',
20 verbose headers   'x-cache': 'HIT',
20 verbose headers   'x-cache-hits': '1',
20 verbose headers   'x-timer': 'S1476195485.618690,VS0,VE0',
20 verbose headers   vary: 'Accept-Encoding' }
21 silly get cb [ 200,
21 silly get   { server: 'CouchDB/1.5.0 (Erlang OTP/R16B03)',
21 silly get     etag: '"24V8I0X8N5CL9KONUD8WSPZGO"',
21 silly get     'content-type': 'application/json',
21 silly get     'content-encoding': 'gzip',
21 silly get     'cache-control': 'max-age=300',
21 silly get     'content-length': '67109',
21 silly get     'accept-ranges': 'bytes',
21 silly get     date: 'Tue, 11 Oct 2016 14:18:05 GMT',
21 silly get     via: '1.1 varnish',
21 silly get     age: '133',
21 silly get     connection: 'keep-alive',
21 silly get     'x-served-by': 'cache-lcy1126-LCY',
21 silly get     'x-cache': 'HIT',
21 silly get     'x-cache-hits': '1',
21 silly get     'x-timer': 'S1476195485.618690,VS0,VE0',
21 silly get     vary: 'Accept-Encoding' } ]
22 verbose get saving ionic to /Users/ddllzz/.npm/registry.npmjs.org/ionic/.cache.json
23 verbose correctMkdir /Users/ddllzz/.npm correctMkdir not in flight; initializing
24 verbose makeDirectory /Users/ddllzz/.npm creation not in flight; initializing
25 silly makeDirectory /Users/ddllzz/.npm uid: 501 gid: 20
26 silly install normalizeTree
27 silly loadCurrentTree Finishing
28 silly loadIdealTree Starting
29 silly install loadIdealTree
30 silly cloneCurrentTree Starting
31 silly install cloneCurrentTreeToIdealTree
32 silly cloneCurrentTree Finishing
33 silly loadShrinkwrap Starting
34 silly install loadShrinkwrap
35 silly loadShrinkwrap Finishing
36 silly loadAllDepsIntoIdealTree Starting
37 silly install loadAllDepsIntoIdealTree
38 silly resolveWithNewModule ionic@2.1.0 checking installable status
39 silly cache add args [ 'ionic', null ]
40 verbose cache add spec ionic
41 silly cache add parsed spec Result {
41 silly cache add   raw: 'ionic',
41 silly cache add   scope: null,
41 silly cache add   escapedName: 'ionic',
41 silly cache add   name: 'ionic',
41 silly cache add   rawSpec: '',
41 silly cache add   spec: 'latest',
41 silly cache add   type: 'tag' }
42 silly addNamed ionic@latest
43 verbose addNamed "latest" is being treated as a dist-tag for ionic
44 info addNameTag [ 'ionic', 'latest' ]
45 silly mapToRegistry name ionic
46 silly mapToRegistry using default registry
47 silly mapToRegistry registry https://registry.npmjs.org/
48 silly mapToRegistry data Result {
48 silly mapToRegistry   raw: 'ionic',
48 silly mapToRegistry   scope: null,
48 silly mapToRegistry   escapedName: 'ionic',
48 silly mapToRegistry   name: 'ionic',
48 silly mapToRegistry   rawSpec: '',
48 silly mapToRegistry   spec: 'latest',
48 silly mapToRegistry   type: 'tag' }
49 silly mapToRegistry uri https://registry.npmjs.org/ionic
50 verbose addNameTag registry:https://registry.npmjs.org/ionic not in flight; fetching
51 verbose get https://registry.npmjs.org/ionic not expired, no request
52 silly addNameTag next cb for ionic with tag latest
53 silly addNamed ionic@2.1.0
54 verbose addNamed "2.1.0" is a plain semver version for ionic
55 silly mapToRegistry name ionic
56 silly mapToRegistry using default registry
57 silly mapToRegistry registry https://registry.npmjs.org/
58 silly mapToRegistry data Result {
58 silly mapToRegistry   raw: 'ionic',
58 silly mapToRegistry   scope: null,
58 silly mapToRegistry   escapedName: 'ionic',
58 silly mapToRegistry   name: 'ionic',
58 silly mapToRegistry   rawSpec: '',
58 silly mapToRegistry   spec: 'latest',
58 silly mapToRegistry   type: 'tag' }
59 silly mapToRegistry uri https://registry.npmjs.org/ionic
60 verbose addRemoteTarball https://registry.npmjs.org/ionic/-/ionic-2.1.0.tgz not in flight; adding
61 verbose addRemoteTarball [ 'https://registry.npmjs.org/ionic/-/ionic-2.1.0.tgz',
61 verbose addRemoteTarball   'cc4218ec13f31b635c1119c9defae5b2bad31335' ]
62 info retry fetch attempt 1 at 22:19:21
63 info attempt registry request try #1 at 22:19:21
64 http fetch GET https://registry.npmjs.org/ionic/-/ionic-2.1.0.tgz
65 http fetch 200 https://registry.npmjs.org/ionic/-/ionic-2.1.0.tgz
66 silly fetchAndShaCheck shasum cc4218ec13f31b635c1119c9defae5b2bad31335
67 silly rollbackFailedOptional Starting
68 silly rollbackFailedOptional Finishing
69 silly runTopLevelLifecycles Finishing
70 silly install printInstalled
71 verbose stack Error: shasum check failed for /tmp/npm-3452-a640c0b5/registry.npmjs.org/ionic/-/ionic-2.1.0.tgz
71 verbose stack Expected: cc4218ec13f31b635c1119c9defae5b2bad31335
71 verbose stack Actual:   2f61d94f945c5ef566ab7015801862afd335a76d
71 verbose stack From:     https://registry.npmjs.org/ionic/-/ionic-2.1.0.tgz
71 verbose stack     at /usr/local/lib/node_modules/npm/node_modules/sha/index.js:25:8
71 verbose stack     at ReadStream.<anonymous> (/usr/local/lib/node_modules/npm/node_modules/sha/index.js:72:7)
71 verbose stack     at emitNone (events.js:91:20)
71 verbose stack     at ReadStream.emit (events.js:185:7)
71 verbose stack     at endReadableNT (_stream_readable.js:975:12)
71 verbose stack     at _combinedTickCallback (internal/process/next_tick.js:74:11)
71 verbose stack     at process._tickCallback (internal/process/next_tick.js:98:9)
72 verbose cwd /Users/ddllzz/Project/IOTClient
73 error Darwin 15.3.0
74 error argv "/usr/local/bin/node" "/usr/local/bin/npm" "install" "ionic"
75 error node v6.3.1
76 error npm  v3.10.8
77 error shasum check failed for /tmp/npm-3452-a640c0b5/registry.npmjs.org/ionic/-/ionic-2.1.0.tgz
77 error Expected: cc4218ec13f31b635c1119c9defae5b2bad31335
77 error Actual:   2f61d94f945c5ef566ab7015801862afd335a76d
77 error From:     https://registry.npmjs.org/ionic/-/ionic-2.1.0.tgz
78 error If you need help, you may report this error at:
78 error     <https://github.com/npm/npm/issues>
79 verbose exit [ 1, true ]
